 WARN [2013-02-15 20:30:21,406] (BaseRetryAspect.java:isLoginExceptionRetryable:95) - Login evaluation deemed exception not retry-able:
 LoginFault: Invalid username, password, security token; or user locked out. Are you at a new location? When accessing Salesforce--either via a desktop client or the API--from outside of your company’s trusted networks, you must add a security token to your password to log in. To receive a new security token, log in to salesforce.com at http://login.salesforce.com and click Setup | My Personal Information | Reset Security Token.
 WARN [2013-02-15 20:30:21,411] (BaseRetryAspect.java:isConnectionExceptionRetryable:131) - Connection evaluation deemed exception not retry-able:
 LoginFault: Invalid username, password, security token; or user locked out. Are you at a new location? When accessing Salesforce--either via a desktop client or the API--from outside of your company’s trusted networks, you must add a security token to your password to log in. To receive a new security token, log in to salesforce.com at http://login.salesforce.com and click Setup | My Personal Information | Reset Security Token.
 WARN [2013-02-15 20:30:21,413] (ProjectController.java:getRemotePackageNames:882) - Unable to get project packages for project 'GitTestDemoProject': Invalid username, password, security token; or user locked out. Are you at a new location? When accessing Salesforce--either via a desktop client or the API--from outside of your company’s trusted networks, you must add a security token to your password to log in. To receive a new security token, log in to salesforce.com at http://login.salesforce.com and click Setup | My Personal Information | Reset Security Token.
 WARN [2013-02-15 20:30:21,445] (ProjectOrganizationPage.java:prepareNextPage:258) - Unable to login: Invalid username, password, security token; or user locked out. Are you at a new location? When accessing Salesforce--either via a desktop client or the API--from outside of your company’s trusted networks, you must add a security token to your password to log in. To receive a new security token, log in to salesforce.com at http://login.salesforce.com and click Setup | My Personal Information | Reset Security Token.
 WARN [2013-02-15 20:33:04,884] (IntroEditorInput.java:loadDocument:130) - org.xml.sax.SAXParseException: The entity name must immediately follow the '&' in the entity reference.
 WARN [2013-02-15 20:48:06,904] (ResourceDeleteParticipant.java:checkConditions:182) - Change elements for delete are null or empty
 WARN [2013-02-15 20:48:14,683] (ResourceDeleteParticipant.java:checkConditions:182) - Change elements for delete are null or empty
 WARN [2013-02-15 20:49:27,628] (ComponentFactory.java:getComponentByFilePath:613) - No id found for filepath '.DS_Store', tagging as component of type 'Unknown'
 WARN [2013-02-15 20:49:27,638] (ComponentFactory.java:getComponentByFilePath:613) - No id found for filepath '.DS_Store', tagging as component of type 'Unknown'
 WARN [2013-02-15 20:49:32,902] (BuilderPayload.java:filterComponentsInConflict:264) - Retrieve result contains problem messages:
 (1) .DS_Store: Invalid directory ''
 WARN [2013-02-15 20:49:32,903] (BuilderPayload.java:filterComponentsInConflict:268) - Remote retrieve result count [0] does not equal request count [1].
 WARN [2013-02-15 20:49:32,905] (ProjectPackageList.java:getComponentByFilePath:717) - Component not found - component list is null or empty or file path is null
 WARN [2013-02-15 20:49:32,905] (BuilderPayload.java:conflictCheck:309) - Unknown [Unknown] '.DS_Store' [unpackaged] not found in remote project package list.  Assuming no conflict.
 WARN [2013-02-15 20:50:06,519] (ComponentFactory.java:getComponentByFilePath:613) - No id found for filepath 'build.xml', tagging as component of type 'Unknown'
 WARN [2013-02-15 20:50:06,521] (ComponentFactory.java:getComponentByFilePath:613) - No id found for filepath 'build.xml', tagging as component of type 'Unknown'
 WARN [2013-02-15 20:50:07,991] (BuilderPayload.java:filterComponentsInConflict:264) - Retrieve result contains problem messages:
 (1) build.xml: Invalid directory ''
 WARN [2013-02-15 20:50:07,992] (BuilderPayload.java:filterComponentsInConflict:268) - Remote retrieve result count [0] does not equal request count [1].
 WARN [2013-02-15 20:50:07,994] (ProjectPackageList.java:getComponentByFilePath:717) - Component not found - component list is null or empty or file path is null
 WARN [2013-02-15 20:50:07,994] (BuilderPayload.java:conflictCheck:309) - Unknown [Unknown] 'build.xml' [unpackaged] not found in remote project package list.  Assuming no conflict.
 WARN [2013-02-15 20:50:59,588] (ComponentFactory.java:getComponentByFilePath:613) - No id found for filepath '.DS_Store', tagging as component of type 'Unknown'
 WARN [2013-02-15 20:50:59,591] (ComponentFactory.java:getComponentByFilePath:613) - No id found for filepath '.DS_Store', tagging as component of type 'Unknown'
 WARN [2013-02-15 20:51:00,058] (BuilderPayload.java:filterComponentsInConflict:264) - Retrieve result contains problem messages:
 (1) .DS_Store: Invalid directory ''
 WARN [2013-02-15 20:51:00,059] (BuilderPayload.java:filterComponentsInConflict:268) - Remote retrieve result count [0] does not equal request count [1].
 WARN [2013-02-15 20:51:00,061] (ProjectPackageList.java:getComponentByFilePath:717) - Component not found - component list is null or empty or file path is null
 WARN [2013-02-15 20:51:00,062] (BuilderPayload.java:conflictCheck:309) - Unknown [Unknown] '.DS_Store' [unpackaged] not found in remote project package list.  Assuming no conflict.
